<?xml version="1.0" encoding="UTF-8"?>
<!-- Generated by org.testng.reporters.JUnitReportReporter -->
<testsuite hostname="DESKTOP-5RV9K9A" name="com.websystique.springmvc.service.EmployeeServiceImplTest" tests="7" failures="0" timestamp="2 Jul 2016 13:46:46 GMT" time="0.004" errors="0">
  <testcase name="deleteEmployeeBySsn" time="0.000" classname="com.websystique.springmvc.service.EmployeeServiceImplTest"/>
  <testcase name="findById" time="0.000" classname="com.websystique.springmvc.service.EmployeeServiceImplTest"/>
  <testcase name="findEmployeeBySsn" time="0.001" classname="com.websystique.springmvc.service.EmployeeServiceImplTest"/>
  <testcase name="updateEmployee" time="0.001" classname="com.websystique.springmvc.service.EmployeeServiceImplTest"/>
  <testcase name="saveEmployee" time="0.001" classname="com.websystique.springmvc.service.EmployeeServiceImplTest"/>
  <testcase name="findAllEmployees" time="0.000" classname="com.websystique.springmvc.service.EmployeeServiceImplTest"/>
  <testcase name="isEmployeeSsnUnique" time="0.001" classname="com.websystique.springmvc.service.EmployeeServiceImplTest"/>
</testsuite> <!-- com.websystique.springmvc.service.EmployeeServiceImplTest -->
